Added Component: Designator=C1(1206)
Added Component: Designator=C2(1206)
Added Component: Designator=C3(1206)
Added Component: Designator=C4(1206)
Added Component: Designator=C5(1206)
Added Component: Designator=C6(1206)
Added Component: Designator=C7(1206)
Added Component: Designator=C8(1206)
Added Component: Designator=C9(1206)
Added Component: Designator=C10(1206)
Added Component: Designator=C11(1206)
Added Component: Designator=C12(C220U)
Added Component: Designator=C13(C220U)
Added Component: Designator=C14(C220U)
Added Component: Designator=C15(1206)
Added Component: Designator=C16(1206)
Added Component: Designator=C17(1206)
Added Component: Designator=C18(1206)
Added Component: Designator=C19(1206)
Added Component: Designator=C20(1206)
Added Component: Designator=C21(1206)
Added Component: Designator=CJ1(HDR1X2)
Added Component: Designator=D1(LED)
Added Component: Designator=D2(7227)
Added Component: Designator=D3(7227)
Added Component: Designator=D4(7227)
Added Component: Designator=D5(LED)
Added Component: Designator=D7(LED)
Added Component: Designator=J1(OUT_CJ)
Added Component: Designator=JTAG1(JTAG_20)
Added Component: Designator=K1(KEY_M)
Added Component: Designator=K2(KEY_M)
Added Component: Designator=K3(KEY_M)
Added Component: Designator=K4(KEY_M)
Added Component: Designator=K5(KEY_M)
Added Component: Designator=L1(1206)
Added Component: Designator=LM1(TO-220)
Added Component: Designator=P1(HDR2X10_CEN)
Added Component: Designator=P2(HDR1X20)
Added Component: Designator=P3(OUT_CJ)
Added Component: Designator=P4(HDR2X5)
Added Component: Designator=P5(HDR2X5)
Added Component: Designator=P6(OUT_CJ)
Added Component: Designator=P7(HDR1X2)
Added Component: Designator=P8(OUT_CJ)
Added Component: Designator=P9(HDR1X3)
Added Component: Designator=Q1(9014)
Added Component: Designator=Q2(9014)
Added Component: Designator=R1(1206)
Added Component: Designator=R2(1206)
Added Component: Designator=R3(1206)
Added Component: Designator=R4(1206)
Added Component: Designator=R5(1206)
Added Component: Designator=R6(1206)
Added Component: Designator=R7(1206)
Added Component: Designator=R8(1206)
Added Component: Designator=R9(1206)
Added Component: Designator=R10(1206)
Added Component: Designator=R11(1206)
Added Component: Designator=R12(VR)
Added Component: Designator=R13(1206)
Added Component: Designator=R14(1206)
Added Component: Designator=R15(1206)
Added Component: Designator=R16(1206)
Added Component: Designator=R17(1206)
Added Component: Designator=R18(1206)
Added Component: Designator=R19(1206)
Added Component: Designator=R20(1206)
Added Component: Designator=R21(1206)
Added Component: Designator=R22(1206)
Added Component: Designator=R23(1206)
Added Component: Designator=R24(1206)
Added Component: Designator=R25(1206)
Added Component: Designator=R26(1206)
Added Component: Designator=R27(1206)
Added Component: Designator=R28(1206)
Added Component: Designator=R29(1206)
Added Component: Designator=R30(1206)
Added Component: Designator=R31(1206)
Added Component: Designator=R32(1206)
Added Component: Designator=R33(1206)
Added Component: Designator=R34(1206)
Added Component: Designator=R35(1206)
Added Component: Designator=U1(LQFP64)
Added Component: Designator=U2(SO-8)
Added Component: Designator=U3(AMS1117)
Added Component: Designator=U4(SO-8)
Added Component: Designator=U5(DS18B20)
Added Component: Designator=U6(pc817)
Added Component: Designator=U7(SCR)
Added Component: Designator=U8(pc817)
Added Component: Designator=Y1(XTAL_US)
Added Pin To Net: NetName=+5V Pin=C11-2
Added Pin To Net: NetName=+5V Pin=C13-1
Added Pin To Net: NetName=+5V Pin=C20-1
Added Pin To Net: NetName=+5V Pin=D7-A
Added Pin To Net: NetName=+5V Pin=LM1-3
Added Pin To Net: NetName=+5V Pin=P2-2
Added Pin To Net: NetName=+5V Pin=P2-19
Added Pin To Net: NetName=+5V Pin=P5-1
Added Pin To Net: NetName=+5V Pin=P5-3
Added Pin To Net: NetName=+5V Pin=P5-5
Added Pin To Net: NetName=+5V Pin=P5-7
Added Pin To Net: NetName=+5V Pin=P5-9
Added Pin To Net: NetName=+5V Pin=P7-2
Added Pin To Net: NetName=+5V Pin=R10-1
Added Pin To Net: NetName=+5V Pin=R11-1
Added Pin To Net: NetName=+5V Pin=R12-2
Added Pin To Net: NetName=+5V Pin=U3-3
Added Pin To Net: NetName=+5V Pin=U4-4
Added Pin To Net: NetName=+5V Pin=U6-3
Added Pin To Net: NetName=+5V Pin=U7-2
Added Pin To Net: NetName=+5V Pin=U8-3
Added Net: Name=+5V
Added Pin To Net: NetName=+9V Pin=C10-2
Added Pin To Net: NetName=+9V Pin=C12-1
Added Pin To Net: NetName=+9V Pin=LM1-1
Added Pin To Net: NetName=+9V Pin=P3-2
Added Net: Name=+9V
Added Pin To Net: NetName=3V3 Pin=C1-1
Added Pin To Net: NetName=3V3 Pin=C2-1
Added Pin To Net: NetName=3V3 Pin=C3-1
Added Pin To Net: NetName=3V3 Pin=C4-1
Added Pin To Net: NetName=3V3 Pin=C9-1
Added Pin To Net: NetName=3V3 Pin=C14-1
Added Pin To Net: NetName=3V3 Pin=C15-2
Added Pin To Net: NetName=3V3 Pin=C16-2
Added Pin To Net: NetName=3V3 Pin=JTAG1-1
Added Pin To Net: NetName=3V3 Pin=JTAG1-2
Added Pin To Net: NetName=3V3 Pin=L1-1
Added Pin To Net: NetName=3V3 Pin=P4-2
Added Pin To Net: NetName=3V3 Pin=P4-4
Added Pin To Net: NetName=3V3 Pin=P4-6
Added Pin To Net: NetName=3V3 Pin=P4-8
Added Pin To Net: NetName=3V3 Pin=P4-10
Added Pin To Net: NetName=3V3 Pin=R1-1
Added Pin To Net: NetName=3V3 Pin=R2-1
Added Pin To Net: NetName=3V3 Pin=R5-1
Added Pin To Net: NetName=3V3 Pin=R6-2
Added Pin To Net: NetName=3V3 Pin=R7-2
Added Pin To Net: NetName=3V3 Pin=R8-2
Added Pin To Net: NetName=3V3 Pin=R13-1
Added Pin To Net: NetName=3V3 Pin=R14-1
Added Pin To Net: NetName=3V3 Pin=R15-1
Added Pin To Net: NetName=3V3 Pin=R16-2
Added Pin To Net: NetName=3V3 Pin=R17-2
Added Pin To Net: NetName=3V3 Pin=R18-2
Added Pin To Net: NetName=3V3 Pin=R19-2
Added Pin To Net: NetName=3V3 Pin=R21-2
Added Pin To Net: NetName=3V3 Pin=R32-2
Added Pin To Net: NetName=3V3 Pin=R33-2
Added Pin To Net: NetName=3V3 Pin=R34-2
Added Pin To Net: NetName=3V3 Pin=R35-2
Added Pin To Net: NetName=3V3 Pin=U1-1
Added Pin To Net: NetName=3V3 Pin=U1-19
Added Pin To Net: NetName=3V3 Pin=U1-32
Added Pin To Net: NetName=3V3 Pin=U1-48
Added Pin To Net: NetName=3V3 Pin=U1-64
Added Pin To Net: NetName=3V3 Pin=U2-8
Added Pin To Net: NetName=3V3 Pin=U3-2
Added Pin To Net: NetName=3V3 Pin=U3-4
Added Pin To Net: NetName=3V3 Pin=U5-3
Added Pin To Net: NetName=3V3 Pin=U8-1
Added Net: Name=3V3
Added Pin To Net: NetName=BOOT0 Pin=R3-1
Added Pin To Net: NetName=BOOT0 Pin=U1-60
Added Net: Name=BOOT0
Added Pin To Net: NetName=BOOT1 Pin=P1-20
Added Pin To Net: NetName=BOOT1 Pin=R4-2
Added Pin To Net: NetName=BOOT1 Pin=U1-28
Added Net: Name=BOOT1
Added Pin To Net: NetName=GND_6675 Pin=C18-2
Added Pin To Net: NetName=GND_6675 Pin=C19-2
Added Pin To Net: NetName=GND_6675 Pin=C20-2
Added Pin To Net: NetName=GND_6675 Pin=R20-1
Added Pin To Net: NetName=GND_6675 Pin=U4-1
Added Net: Name=GND_6675
Added Pin To Net: NetName=GND Pin=C1-2
Added Pin To Net: NetName=GND Pin=C2-2
Added Pin To Net: NetName=GND Pin=C3-2
Added Pin To Net: NetName=GND Pin=C4-2
Added Pin To Net: NetName=GND Pin=C5-2
Added Pin To Net: NetName=GND Pin=C6-2
Added Pin To Net: NetName=GND Pin=C7-1
Added Pin To Net: NetName=GND Pin=C8-1
Added Pin To Net: NetName=GND Pin=C9-2
Added Pin To Net: NetName=GND Pin=C10-1
Added Pin To Net: NetName=GND Pin=C11-1
Added Pin To Net: NetName=GND Pin=C12-2
Added Pin To Net: NetName=GND Pin=C13-2
Added Pin To Net: NetName=GND Pin=C14-2
Added Pin To Net: NetName=GND Pin=C15-1
Added Pin To Net: NetName=GND Pin=C16-1
Added Pin To Net: NetName=GND Pin=C21-2
Added Pin To Net: NetName=GND Pin=D5-K
Added Pin To Net: NetName=GND Pin=JTAG1-4
Added Pin To Net: NetName=GND Pin=JTAG1-6
Added Pin To Net: NetName=GND Pin=JTAG1-8
Added Pin To Net: NetName=GND Pin=JTAG1-10
Added Pin To Net: NetName=GND Pin=JTAG1-12
Added Pin To Net: NetName=GND Pin=JTAG1-14
Added Pin To Net: NetName=GND Pin=JTAG1-16
Added Pin To Net: NetName=GND Pin=JTAG1-18
Added Pin To Net: NetName=GND Pin=JTAG1-20
Added Pin To Net: NetName=GND Pin=K1-1
Added Pin To Net: NetName=GND Pin=K1-1
Added Pin To Net: NetName=GND Pin=K2-1
Added Pin To Net: NetName=GND Pin=K2-1
Added Pin To Net: NetName=GND Pin=K3-1
Added Pin To Net: NetName=GND Pin=K3-1
Added Pin To Net: NetName=GND Pin=K4-1
Added Pin To Net: NetName=GND Pin=K4-1
Added Pin To Net: NetName=GND Pin=K5-1
Added Pin To Net: NetName=GND Pin=K5-1
Added Pin To Net: NetName=GND Pin=LM1-2
Added Pin To Net: NetName=GND Pin=P2-1
Added Pin To Net: NetName=GND Pin=P2-20
Added Pin To Net: NetName=GND Pin=P3-1
Added Pin To Net: NetName=GND Pin=P4-1
Added Pin To Net: NetName=GND Pin=P4-3
Added Pin To Net: NetName=GND Pin=P4-5
Added Pin To Net: NetName=GND Pin=P4-7
Added Pin To Net: NetName=GND Pin=P4-9
Added Pin To Net: NetName=GND Pin=P5-2
Added Pin To Net: NetName=GND Pin=P5-4
Added Pin To Net: NetName=GND Pin=P5-6
Added Pin To Net: NetName=GND Pin=P5-8
Added Pin To Net: NetName=GND Pin=P5-10
Added Pin To Net: NetName=GND Pin=Q1-E
Added Pin To Net: NetName=GND Pin=R3-2
Added Pin To Net: NetName=GND Pin=R4-1
Added Pin To Net: NetName=GND Pin=R9-1
Added Pin To Net: NetName=GND Pin=R20-2
Added Pin To Net: NetName=GND Pin=R25-1
Added Pin To Net: NetName=GND Pin=R31-2
Added Pin To Net: NetName=GND Pin=U1-12
Added Pin To Net: NetName=GND Pin=U1-18
Added Pin To Net: NetName=GND Pin=U1-31
Added Pin To Net: NetName=GND Pin=U1-47
Added Pin To Net: NetName=GND Pin=U1-63
Added Pin To Net: NetName=GND Pin=U2-1
Added Pin To Net: NetName=GND Pin=U2-2
Added Pin To Net: NetName=GND Pin=U2-3
Added Pin To Net: NetName=GND Pin=U2-4
Added Pin To Net: NetName=GND Pin=U2-7
Added Pin To Net: NetName=GND Pin=U3-1
Added Pin To Net: NetName=GND Pin=U5-1
Added Net: Name=GND
Added Pin To Net: NetName=IIC_SCL Pin=R14-2
Added Pin To Net: NetName=IIC_SCL Pin=U1-58
Added Pin To Net: NetName=IIC_SCL Pin=U2-6
Added Net: Name=IIC_SCL
Added Pin To Net: NetName=IIC_SDA Pin=R13-2
Added Pin To Net: NetName=IIC_SDA Pin=U1-59
Added Pin To Net: NetName=IIC_SDA Pin=U2-5
Added Net: Name=IIC_SDA
Added Pin To Net: NetName=K1 Pin=K2-2
Added Pin To Net: NetName=K1 Pin=K2-2
Added Pin To Net: NetName=K1 Pin=R32-1
Added Pin To Net: NetName=K1 Pin=U1-51
Added Net: Name=K1
Added Pin To Net: NetName=K2 Pin=K3-2
Added Pin To Net: NetName=K2 Pin=K3-2
Added Pin To Net: NetName=K2 Pin=R33-1
Added Pin To Net: NetName=K2 Pin=U1-44
Added Net: Name=K2
Added Pin To Net: NetName=K3 Pin=K4-2
Added Pin To Net: NetName=K3 Pin=K4-2
Added Pin To Net: NetName=K3 Pin=R34-1
Added Pin To Net: NetName=K3 Pin=U1-45
Added Net: Name=K3
Added Pin To Net: NetName=LCD_CLK Pin=P2-6
Added Pin To Net: NetName=LCD_CLK Pin=U1-10
Added Net: Name=LCD_CLK
Added Pin To Net: NetName=LCD_D0 Pin=P2-7
Added Pin To Net: NetName=LCD_D0 Pin=U1-14
Added Net: Name=LCD_D0
Added Pin To Net: NetName=LCD_D1 Pin=P2-8
Added Pin To Net: NetName=LCD_D1 Pin=U1-15
Added Net: Name=LCD_D1
Added Pin To Net: NetName=LCD_D2 Pin=P2-9
Added Pin To Net: NetName=LCD_D2 Pin=U1-16
Added Net: Name=LCD_D2
Added Pin To Net: NetName=LCD_D3 Pin=P2-10
Added Pin To Net: NetName=LCD_D3 Pin=U1-17
Added Net: Name=LCD_D3
Added Pin To Net: NetName=LCD_D4 Pin=P2-11
Added Pin To Net: NetName=LCD_D4 Pin=U1-20
Added Net: Name=LCD_D4
Added Pin To Net: NetName=LCD_D5 Pin=P2-12
Added Pin To Net: NetName=LCD_D5 Pin=U1-21
Added Net: Name=LCD_D5
Added Pin To Net: NetName=LCD_D6 Pin=P2-13
Added Pin To Net: NetName=LCD_D6 Pin=U1-22
Added Net: Name=LCD_D6
Added Pin To Net: NetName=LCD_D7 Pin=P2-14
Added Pin To Net: NetName=LCD_D7 Pin=U1-23
Added Net: Name=LCD_D7
Added Pin To Net: NetName=LCD_PS Pin=P2-15
Added Pin To Net: NetName=LCD_PS Pin=R11-2
Added Pin To Net: NetName=LCD_PS Pin=U1-25
Added Net: Name=LCD_PS
Added Pin To Net: NetName=LCD_RS Pin=P2-4
Added Pin To Net: NetName=LCD_RS Pin=U1-8
Added Net: Name=LCD_RS
Added Pin To Net: NetName=LCD_RST Pin=P2-17
Added Pin To Net: NetName=LCD_RST Pin=R10-2
Added Pin To Net: NetName=LCD_RST Pin=U1-24
Added Net: Name=LCD_RST
Added Pin To Net: NetName=LCD_SID Pin=P2-5
Added Pin To Net: NetName=LCD_SID Pin=U1-9
Added Net: Name=LCD_SID
Added Pin To Net: NetName=MAX6675_CS Pin=R17-1
Added Pin To Net: NetName=MAX6675_CS Pin=U1-52
Added Pin To Net: NetName=MAX6675_CS Pin=U4-6
Added Net: Name=MAX6675_CS
Added Pin To Net: NetName=MAX6675_SCK Pin=R16-1
Added Pin To Net: NetName=MAX6675_SCK Pin=U1-54
Added Pin To Net: NetName=MAX6675_SCK Pin=U4-7
Added Net: Name=MAX6675_SCK
Added Pin To Net: NetName=MAX6675_SO Pin=R18-1
Added Pin To Net: NetName=MAX6675_SO Pin=U1-53
Added Pin To Net: NetName=MAX6675_SO Pin=U4-5
Added Net: Name=MAX6675_SO
Added Pin To Net: NetName=NetC8_2 Pin=C8-2
Added Pin To Net: NetName=NetC8_2 Pin=L1-2
Added Pin To Net: NetName=NetC8_2 Pin=U1-13
Added Net: Name=NetC8_2
Added Pin To Net: NetName=NetC17_1 Pin=C17-1
Added Pin To Net: NetName=NetC17_1 Pin=C18-1
Added Pin To Net: NetName=NetC17_1 Pin=J1-2
Added Pin To Net: NetName=NetC17_1 Pin=U4-2
Added Net: Name=NetC17_1
Added Pin To Net: NetName=NetC17_2 Pin=C17-2
Added Pin To Net: NetName=NetC17_2 Pin=C19-1
Added Pin To Net: NetName=NetC17_2 Pin=J1-1
Added Pin To Net: NetName=NetC17_2 Pin=U4-3
Added Net: Name=NetC17_2
Added Pin To Net: NetName=NetC21_1 Pin=C21-1
Added Pin To Net: NetName=NetC21_1 Pin=R23-2
Added Pin To Net: NetName=NetC21_1 Pin=U6-4
Added Net: Name=NetC21_1
Added Pin To Net: NetName=NetCJ1_2 Pin=CJ1-2
Added Pin To Net: NetName=NetCJ1_2 Pin=R19-1
Added Pin To Net: NetName=NetCJ1_2 Pin=U5-2
Added Net: Name=NetCJ1_2
Added Pin To Net: NetName=NetD1_A Pin=D1-A
Added Pin To Net: NetName=NetD1_A Pin=R2-2
Added Net: Name=NetD1_A
Added Pin To Net: NetName=NetD1_K Pin=D1-K
Added Pin To Net: NetName=NetD1_K Pin=U1-2
Added Net: Name=NetD1_K
Added Pin To Net: NetName=NetD5_A Pin=D5-A
Added Pin To Net: NetName=NetD5_A Pin=R15-2
Added Net: Name=NetD5_A
Added Pin To Net: NetName=NetD6_1 Pin=R24-1
Added Pin To Net: NetName=NetD6_1 Pin=U6-2
Added Net: Name=NetD6_1
Added Pin To Net: NetName=NetD6_2 Pin=P6-1
Added Pin To Net: NetName=NetD6_2 Pin=U6-1
Added Pin To Net: NetName=NetD6_2 Pin=U7-3
Added Net: Name=NetD6_2
Added Pin To Net: NetName=NetD7_K Pin=D7-K
Added Pin To Net: NetName=NetD7_K Pin=R29-2
Added Net: Name=NetD7_K
Added Pin To Net: NetName=NetP2_3 Pin=P2-3
Added Pin To Net: NetName=NetP2_3 Pin=R12-3
Added Net: Name=NetP2_3
Added Pin To Net: NetName=NetP2_18 Pin=P2-18
Added Pin To Net: NetName=NetP2_18 Pin=R12-1
Added Net: Name=NetP2_18
Added Pin To Net: NetName=NetP6_2 Pin=P6-2
Added Pin To Net: NetName=NetP6_2 Pin=P8-1
Added Pin To Net: NetName=NetP6_2 Pin=R22-1
Added Net: Name=NetP6_2
Added Pin To Net: NetName=NetP7_1 Pin=P7-1
Added Pin To Net: NetName=NetP7_1 Pin=P9-1
Added Net: Name=NetP7_1
Added Pin To Net: NetName=NetP8_2 Pin=P8-2
Added Pin To Net: NetName=NetP8_2 Pin=U7-4
Added Net: Name=NetP8_2
Added Pin To Net: NetName=NetP9_2 Pin=P9-2
Added Pin To Net: NetName=NetP9_2 Pin=R30-2
Added Net: Name=NetP9_2
Added Pin To Net: NetName=NetP9_3 Pin=P9-3
Added Pin To Net: NetName=NetP9_3 Pin=U7-1
Added Net: Name=NetP9_3
Added Pin To Net: NetName=NetQ1_B Pin=Q1-B
Added Pin To Net: NetName=NetQ1_B Pin=R23-1
Added Pin To Net: NetName=NetQ1_B Pin=R25-2
Added Net: Name=NetQ1_B
Added Pin To Net: NetName=NetQ2_B Pin=Q2-B
Added Pin To Net: NetName=NetQ2_B Pin=R27-1
Added Net: Name=NetQ2_B
Added Pin To Net: NetName=NetQ2_C Pin=Q2-C
Added Pin To Net: NetName=NetQ2_C Pin=R29-1
Added Pin To Net: NetName=NetQ2_C Pin=R30-1
Added Net: Name=NetQ2_C
Added Pin To Net: NetName=NetR22_2 Pin=R22-2
Added Pin To Net: NetName=NetR22_2 Pin=R24-2
Added Net: Name=NetR22_2
Added Pin To Net: NetName=NetR26_1 Pin=R26-1
Added Pin To Net: NetName=NetR26_1 Pin=U8-2
Added Net: Name=NetR26_1
Added Pin To Net: NetName=NetR27_2 Pin=R27-2
Added Pin To Net: NetName=NetR27_2 Pin=R28-2
Added Pin To Net: NetName=NetR27_2 Pin=U8-4
Added Net: Name=NetR27_2
Added Pin To Net: NetName=OSCIN Pin=C6-1
Added Pin To Net: NetName=OSCIN Pin=U1-5
Added Pin To Net: NetName=OSCIN Pin=Y1-2
Added Net: Name=OSCIN
Added Pin To Net: NetName=OSCOUT Pin=C7-2
Added Pin To Net: NetName=OSCOUT Pin=U1-6
Added Pin To Net: NetName=OSCOUT Pin=Y1-1
Added Net: Name=OSCOUT
Added Pin To Net: NetName=OUT_GND Pin=Q2-E
Added Pin To Net: NetName=OUT_GND Pin=R28-1
Added Pin To Net: NetName=OUT_GND Pin=R31-1
Added Net: Name=OUT_GND
Added Pin To Net: NetName=OUTPUT Pin=R26-2
Added Pin To Net: NetName=OUTPUT Pin=U1-61
Added Net: Name=OUTPUT
Added Pin To Net: NetName=PA8 Pin=P1-8
Added Pin To Net: NetName=PA8 Pin=U1-41
Added Net: Name=PA8
Added Pin To Net: NetName=PA9 Pin=P1-9
Added Pin To Net: NetName=PA9 Pin=U1-42
Added Net: Name=PA9
Added Pin To Net: NetName=PA10 Pin=P1-10
Added Pin To Net: NetName=PA10 Pin=U1-43
Added Net: Name=PA10
Added Pin To Net: NetName=PB0 Pin=P1-4
Added Pin To Net: NetName=PB0 Pin=U1-26
Added Net: Name=PB0
Added Pin To Net: NetName=PB1 Pin=P1-5
Added Pin To Net: NetName=PB1 Pin=U1-27
Added Net: Name=PB1
Added Pin To Net: NetName=PB9 Pin=P1-19
Added Pin To Net: NetName=PB9 Pin=U1-62
Added Net: Name=PB9
Added Pin To Net: NetName=PB10 Pin=P1-6
Added Pin To Net: NetName=PB10 Pin=U1-29
Added Net: Name=PB10
Added Pin To Net: NetName=PB11 Pin=P1-7
Added Pin To Net: NetName=PB11 Pin=U1-30
Added Net: Name=PB11
Added Pin To Net: NetName=PB12 Pin=P1-11
Added Pin To Net: NetName=PB12 Pin=U1-33
Added Net: Name=PB12
Added Pin To Net: NetName=PB13 Pin=P1-12
Added Pin To Net: NetName=PB13 Pin=U1-34
Added Net: Name=PB13
Added Pin To Net: NetName=PB14 Pin=P1-13
Added Pin To Net: NetName=PB14 Pin=U1-35
Added Net: Name=PB14
Added Pin To Net: NetName=PB15 Pin=P1-14
Added Pin To Net: NetName=PB15 Pin=U1-36
Added Net: Name=PB15
Added Pin To Net: NetName=PC3 Pin=P1-3
Added Pin To Net: NetName=PC3 Pin=U1-11
Added Net: Name=PC3
Added Pin To Net: NetName=PC6 Pin=P1-15
Added Pin To Net: NetName=PC6 Pin=U1-37
Added Net: Name=PC6
Added Pin To Net: NetName=PC7 Pin=P1-16
Added Pin To Net: NetName=PC7 Pin=U1-38
Added Net: Name=PC7
Added Pin To Net: NetName=PC8 Pin=P1-17
Added Pin To Net: NetName=PC8 Pin=U1-39
Added Net: Name=PC8
Added Pin To Net: NetName=PC9 Pin=CJ1-1
Added Pin To Net: NetName=PC9 Pin=K5-2
Added Pin To Net: NetName=PC9 Pin=K5-2
Added Pin To Net: NetName=PC9 Pin=P1-18
Added Pin To Net: NetName=PC9 Pin=R35-1
Added Pin To Net: NetName=PC9 Pin=U1-40
Added Net: Name=PC9
Added Pin To Net: NetName=PC14 Pin=P1-1
Added Pin To Net: NetName=PC14 Pin=U1-3
Added Net: Name=PC14
Added Pin To Net: NetName=PC15 Pin=P1-2
Added Pin To Net: NetName=PC15 Pin=U1-4
Added Net: Name=PC15
Added Pin To Net: NetName=RESET Pin=C5-1
Added Pin To Net: NetName=RESET Pin=JTAG1-15
Added Pin To Net: NetName=RESET Pin=K1-2
Added Pin To Net: NetName=RESET Pin=K1-2
Added Pin To Net: NetName=RESET Pin=R1-2
Added Pin To Net: NetName=RESET Pin=U1-7
Added Net: Name=RESET
Added Pin To Net: NetName=TCK Pin=JTAG1-9
Added Pin To Net: NetName=TCK Pin=R9-2
Added Pin To Net: NetName=TCK Pin=U1-49
Added Net: Name=TCK
Added Pin To Net: NetName=TDI Pin=JTAG1-5
Added Pin To Net: NetName=TDI Pin=R6-1
Added Pin To Net: NetName=TDI Pin=U1-50
Added Net: Name=TDI
Added Pin To Net: NetName=TDO Pin=JTAG1-13
Added Pin To Net: NetName=TDO Pin=R8-1
Added Pin To Net: NetName=TDO Pin=U1-55
Added Net: Name=TDO
Added Pin To Net: NetName=TMS Pin=JTAG1-7
Added Pin To Net: NetName=TMS Pin=R7-1
Added Pin To Net: NetName=TMS Pin=U1-46
Added Net: Name=TMS
Added Pin To Net: NetName=TRST Pin=JTAG1-3
Added Pin To Net: NetName=TRST Pin=R5-2
Added Pin To Net: NetName=TRST Pin=U1-56
Added Net: Name=TRST
Added Pin To Net: NetName=ZORE Pin=Q1-C
Added Pin To Net: NetName=ZORE Pin=R21-1
Added Pin To Net: NetName=ZORE Pin=U1-57
Added Net: Name=ZORE
Added Class: Name=MAX6675
Added Class: Name=MCU
Added Class: Name=MCU电源
Added Class: Name=输出
Added Room: Name=MAX6675
Added Room: Name=MCU
Added Room: Name=MCU电源
Added Room: Name=输出
